  Play.cpp
c:\users\liam\desktop\defender\src\play.cpp(38): warning C4305: 'argument': truncation from 'double' to 'float'
c:\users\liam\desktop\defender\src\play.cpp(41): warning C4244: 'argument': conversion from 'time_t' to 'unsigned int', possible loss of data
c:\users\liam\desktop\defender\src\play.cpp(53): warning C4244: 'argument': conversion from 'int' to 'float', possible loss of data
c:\users\liam\desktop\defender\src\play.cpp(61): warning C4244: 'argument': conversion from 'int' to 'float', possible loss of data
c:\users\liam\desktop\defender\src\play.cpp(69): warning C4244: 'argument': conversion from 'int' to 'float', possible loss of data
c:\users\liam\desktop\defender\src\play.cpp(119): warning C4018: '<': signed/unsigned mismatch
c:\users\liam\desktop\defender\src\play.cpp(123): warning C4018: '<': signed/unsigned mismatch
c:\users\liam\desktop\defender\src\play.cpp(131): warning C4018: '<': signed/unsigned mismatch
c:\users\liam\desktop\defender\src\play.cpp(136): warning C4018: '<': signed/unsigned mismatch
c:\users\liam\desktop\defender\src\play.cpp(141): warning C4018: '<': signed/unsigned mismatch
c:\users\liam\desktop\defender\src\play.cpp(153): warning C4018: '<': signed/unsigned mismatch
c:\users\liam\desktop\defender\src\play.cpp(159): warning C4018: '<': signed/unsigned mismatch
c:\users\liam\desktop\defender\src\play.cpp(163): warning C4018: '<': signed/unsigned mismatch
c:\users\liam\desktop\defender\src\play.cpp(171): warning C4018: '<': signed/unsigned mismatch
c:\users\liam\desktop\defender\src\play.cpp(177): warning C4018: '<': signed/unsigned mismatch
c:\users\liam\desktop\defender\src\play.cpp(182): warning C4018: '<': signed/unsigned mismatch
c:\users\liam\desktop\defender\src\play.cpp(186): warning C4018: '<': signed/unsigned mismatch
c:\users\liam\desktop\defender\src\play.cpp(193): warning C4018: '<': signed/unsigned mismatch
c:\users\liam\desktop\defender\src\play.cpp(210): warning C4018: '<': signed/unsigned mismatch
c:\users\liam\desktop\defender\src\play.cpp(212): warning C4018: '<': signed/unsigned mismatch
c:\users\liam\desktop\defender\src\play.cpp(228): warning C4018: '<': signed/unsigned mismatch
c:\users\liam\desktop\defender\src\play.cpp(230): warning C4018: '<': signed/unsigned mismatch
c:\users\liam\desktop\defender\src\play.cpp(244): warning C4018: '<': signed/unsigned mismatch
c:\users\liam\desktop\defender\src\play.cpp(246): warning C4018: '<': signed/unsigned mismatch
c:\users\liam\desktop\defender\src\play.cpp(261): warning C4018: '<': signed/unsigned mismatch
c:\users\liam\desktop\defender\src\play.cpp(263): warning C4018: '<': signed/unsigned mismatch
c:\users\liam\desktop\defender\src\play.cpp(278): warning C4018: '<': signed/unsigned mismatch
c:\users\liam\desktop\defender\src\play.cpp(280): warning C4018: '<': signed/unsigned mismatch
c:\users\liam\desktop\defender\src\play.cpp(320): warning C4244: 'argument': conversion from 'double' to 'float', possible loss of data
c:\users\liam\desktop\defender\src\play.cpp(321): warning C4244: 'argument': conversion from 'double' to 'float', possible loss of data
c:\users\liam\desktop\defender\src\play.cpp(324): warning C4018: '<': signed/unsigned mismatch
c:\users\liam\desktop\defender\src\play.cpp(332): warning C4018: '<': signed/unsigned mismatch
c:\users\liam\desktop\defender\src\play.cpp(342): warning C4018: '<': signed/unsigned mismatch
c:\users\liam\desktop\defender\src\play.cpp(347): warning C4018: '<': signed/unsigned mismatch
c:\users\liam\desktop\defender\src\play.cpp(349): warning C4018: '<': signed/unsigned mismatch
c:\users\liam\desktop\defender\src\play.cpp(355): warning C4018: '<': signed/unsigned mismatch
c:\users\liam\desktop\defender\src\play.cpp(360): warning C4018: '<': signed/unsigned mismatch
c:\users\liam\desktop\defender\src\play.cpp(368): warning C4018: '<': signed/unsigned mismatch
c:\users\liam\desktop\defender\src\play.cpp(372): warning C4018: '<': signed/unsigned mismatch
c:\users\liam\desktop\defender\src\play.cpp(379): warning C4018: '<': signed/unsigned mismatch
c:\users\liam\desktop\defender\src\play.cpp(389): warning C4018: '<': signed/unsigned mismatch
c:\users\liam\desktop\defender\src\play.cpp(394): warning C4018: '<': signed/unsigned mismatch
c:\users\liam\desktop\defender\src\play.cpp(398): warning C4018: '<': signed/unsigned mismatch
c:\users\liam\desktop\defender\src\play.cpp(437): warning C4018: '<': signed/unsigned mismatch
c:\users\liam\desktop\defender\src\play.cpp(439): warning C4018: '<': signed/unsigned mismatch
c:\users\liam\desktop\defender\src\play.cpp(486): warning C4018: '<': signed/unsigned mismatch
c:\users\liam\desktop\defender\src\play.cpp(491): warning C4018: '<': signed/unsigned mismatch
c:\users\liam\desktop\defender\src\play.cpp(524): warning C4244: 'argument': conversion from 'int' to 'float', possible loss of data
c:\users\liam\desktop\defender\src\play.cpp(540): warning C4018: '<': signed/unsigned mismatch
c:\users\liam\desktop\defender\src\play.cpp(548): warning C4018: '<': signed/unsigned mismatch
c:\users\liam\desktop\defender\src\play.cpp(558): warning C4018: '<': signed/unsigned mismatch
c:\users\liam\desktop\defender\src\play.cpp(594): warning C4244: 'argument': conversion from 'int' to 'float', possible loss of data
c:\users\liam\desktop\defender\src\play.cpp(599): warning C4244: 'argument': conversion from 'int' to 'float', possible loss of data
c:\users\liam\desktop\defender\src\play.cpp(660): warning C4018: '<': signed/unsigned mismatch
c:\users\liam\desktop\defender\src\play.cpp(669): warning C4018: '<': signed/unsigned mismatch
c:\users\liam\desktop\defender\src\play.cpp(678): warning C4018: '<': signed/unsigned mismatch
  Generating Code...
  Compiling...
  Menu.cpp
  Generating Code...
  Skipping... (no relevant changes detected)
  GameOver.cpp
  ConsoleApplication2.vcxproj -> C:\Users\Liam\Desktop\Defender\Debug\ConsoleApplication2.exe
  ConsoleApplication2.vcxproj -> C:\Users\Liam\Desktop\Defender\Debug\ConsoleApplication2.pdb (Full PDB)
