  Player.cpp
c:\users\liam\desktop\defender\src\player.cpp(15): warning C4244: 'argument': conversion from 'unsigned int' to 'float', possible loss of data
c:\users\liam\desktop\defender\src\player.cpp(124): warning C4244: 'argument': conversion from 'int' to 'float', possible loss of data
  Play.cpp
c:\users\liam\desktop\defender\src\play.cpp(36): warning C4305: 'argument': truncation from 'double' to 'float'
c:\users\liam\desktop\defender\src\play.cpp(39): warning C4244: 'argument': conversion from 'time_t' to 'unsigned int', possible loss of data
c:\users\liam\desktop\defender\src\play.cpp(51): warning C4244: 'argument': conversion from 'int' to 'float', possible loss of data
c:\users\liam\desktop\defender\src\play.cpp(67): warning C4244: 'argument': conversion from 'int' to 'float', possible loss of data
c:\users\liam\desktop\defender\src\play.cpp(76): warning C4244: 'initializing': conversion from 'int' to 'float', possible loss of data
c:\users\liam\desktop\defender\src\play.cpp(333): warning C4244: 'argument': conversion from 'int' to 'float', possible loss of data
c:\users\liam\desktop\defender\src\play.cpp(338): warning C4244: 'argument': conversion from 'int' to 'float', possible loss of data
  obstacles.cpp
c:\users\liam\desktop\defender\src\obstacles.cpp(2): warning C4067: unexpected tokens following preprocessor directive - expected a newline
  Mutant.cpp
c:\users\liam\desktop\defender\src\mutant.cpp(12): warning C4244: 'argument': conversion from 'unsigned int' to 'float', possible loss of data
  Menu.cpp
  game.cpp
  Flock.cpp
  CollisionManager.cpp
  Bullet.cpp
c:\users\liam\desktop\defender\src\bullet.cpp(15): warning C4305: '=': truncation from 'double' to 'float'
  Astronaut.cpp
c:\users\liam\desktop\defender\src\astronaut.cpp(10): warning C4244: 'argument': conversion from 'time_t' to 'unsigned int', possible loss of data
c:\users\liam\desktop\defender\src\astronaut.cpp(12): warning C4244: '=': conversion from 'int' to 'float', possible loss of data
c:\users\liam\desktop\defender\src\astronaut.cpp(78): warning C4244: '=': conversion from 'int' to 'float', possible loss of data
  AlienNest.cpp
c:\users\liam\desktop\defender\src\aliennest.cpp(10): warning C4244: 'argument': conversion from 'time_t' to 'unsigned int', possible loss of data
c:\users\liam\desktop\defender\src\aliennest.cpp(12): warning C4244: '=': conversion from 'int' to 'float', possible loss of data
c:\users\liam\desktop\defender\src\aliennest.cpp(13): warning C4244: '=': conversion from 'int' to 'float', possible loss of data
c:\users\liam\desktop\defender\src\aliennest.cpp(91): warning C4244: '=': conversion from 'int' to 'float', possible loss of data
c:\users\liam\desktop\defender\src\aliennest.cpp(92): warning C4244: '=': conversion from 'int' to 'float', possible loss of data
  AI.cpp
  Abductor.cpp
c:\users\liam\desktop\defender\src\abductor.cpp(11): warning C4244: 'argument': conversion from 'int' to 'float', possible loss of data
c:\users\liam\desktop\defender\src\abductor.cpp(14): warning C4244: 'argument': conversion from 'unsigned int' to 'float', possible loss of data
c:\users\liam\desktop\defender\src\abductor.cpp(23): warning C4305: 'argument': truncation from 'double' to 'float'
c:\users\liam\desktop\defender\src\abductor.cpp(86): warning C4244: 'argument': conversion from 'int' to 'float', possible loss of data
c:\users\liam\desktop\defender\src\abductor.cpp(134): warning C4244: '=': conversion from 'double' to 'float', possible loss of data
c:\users\liam\desktop\defender\src\abductor.cpp(135): warning C4244: '=': conversion from 'double' to 'float', possible loss of data
c:\users\liam\desktop\defender\src\abductor.cpp(209): warning C4244: '=': conversion from 'double' to 'float', possible loss of data
  ConsoleApplication2.cpp
  Generating Code...
sfml-graphics-d.lib(sfml-graphics-d-2.dll) : fatal error LNK1112: module machine type 'X86' conflicts with target machine type 'x64'
