  Play.cpp
src\Play.cpp(38): warning C4305: 'argument': truncation from 'double' to 'float'
src\Play.cpp(40): warning C4244: 'argument': conversion from 'time_t' to 'unsigned int', possible loss of data
src\Play.cpp(52): warning C4244: 'argument': conversion from 'int' to 'float', possible loss of data
src\Play.cpp(60): warning C4244: 'argument': conversion from 'int' to 'float', possible loss of data
src\Play.cpp(68): warning C4244: 'argument': conversion from 'int' to 'float', possible loss of data
src\Play.cpp(115): warning C4018: '<': signed/unsigned mismatch
src\Play.cpp(121): warning C4018: '<': signed/unsigned mismatch
src\Play.cpp(127): warning C4018: '<': signed/unsigned mismatch
src\Play.cpp(134): warning C4018: '<': signed/unsigned mismatch
src\Play.cpp(140): warning C4018: '<': signed/unsigned mismatch
src\Play.cpp(144): warning C4018: '<': signed/unsigned mismatch
src\Play.cpp(151): warning C4018: '<': signed/unsigned mismatch
src\Play.cpp(156): warning C4018: '<': signed/unsigned mismatch
src\Play.cpp(161): warning C4018: '<': signed/unsigned mismatch
src\Play.cpp(165): warning C4018: '<': signed/unsigned mismatch
src\Play.cpp(172): warning C4018: '<': signed/unsigned mismatch
src\Play.cpp(176): warning C4018: '<': signed/unsigned mismatch
src\Play.cpp(180): warning C4018: '<': signed/unsigned mismatch
src\Play.cpp(198): warning C4018: '<': signed/unsigned mismatch
src\Play.cpp(200): warning C4018: '<': signed/unsigned mismatch
src\Play.cpp(217): warning C4018: '<': signed/unsigned mismatch
src\Play.cpp(219): warning C4018: '<': signed/unsigned mismatch
src\Play.cpp(233): warning C4018: '<': signed/unsigned mismatch
src\Play.cpp(235): warning C4018: '<': signed/unsigned mismatch
src\Play.cpp(250): warning C4018: '<': signed/unsigned mismatch
src\Play.cpp(262): warning C4018: '<': signed/unsigned mismatch
src\Play.cpp(264): warning C4018: '<': signed/unsigned mismatch
src\Play.cpp(277): warning C4018: '<': signed/unsigned mismatch
src\Play.cpp(279): warning C4018: '<': signed/unsigned mismatch
src\Play.cpp(295): warning C4018: '<': signed/unsigned mismatch
src\Play.cpp(297): warning C4018: '<': signed/unsigned mismatch
src\Play.cpp(318): warning C4018: '<': signed/unsigned mismatch
src\Play.cpp(320): warning C4018: '<': signed/unsigned mismatch
src\Play.cpp(337): warning C4018: '<': signed/unsigned mismatch
src\Play.cpp(339): warning C4018: '<': signed/unsigned mismatch
src\Play.cpp(354): warning C4018: '<': signed/unsigned mismatch
src\Play.cpp(356): warning C4018: '<': signed/unsigned mismatch
src\Play.cpp(365): warning C4018: '<': signed/unsigned mismatch
src\Play.cpp(391): warning C4244: 'argument': conversion from 'int' to 'float', possible loss of data
src\Play.cpp(406): warning C4244: 'argument': conversion from 'double' to 'float', possible loss of data
src\Play.cpp(408): warning C4244: 'argument': conversion from 'double' to 'float', possible loss of data
src\Play.cpp(409): warning C4244: 'argument': conversion from 'double' to 'float', possible loss of data
src\Play.cpp(412): warning C4018: '<': signed/unsigned mismatch
src\Play.cpp(418): warning C4018: '<': signed/unsigned mismatch
src\Play.cpp(429): warning C4018: '<': signed/unsigned mismatch
src\Play.cpp(434): warning C4018: '<': signed/unsigned mismatch
src\Play.cpp(436): warning C4018: '<': signed/unsigned mismatch
src\Play.cpp(442): warning C4018: '<': signed/unsigned mismatch
src\Play.cpp(452): warning C4018: '<': signed/unsigned mismatch
src\Play.cpp(460): warning C4018: '<': signed/unsigned mismatch
src\Play.cpp(464): warning C4018: '<': signed/unsigned mismatch
src\Play.cpp(475): warning C4018: '<': signed/unsigned mismatch
src\Play.cpp(479): warning C4018: '<': signed/unsigned mismatch
src\Play.cpp(489): warning C4018: '<': signed/unsigned mismatch
src\Play.cpp(495): warning C4018: '<': signed/unsigned mismatch
src\Play.cpp(505): warning C4018: '<': signed/unsigned mismatch
src\Play.cpp(510): warning C4018: '<': signed/unsigned mismatch
src\Play.cpp(514): warning C4018: '<': signed/unsigned mismatch
src\Play.cpp(539): warning C4018: '<': signed/unsigned mismatch
src\Play.cpp(541): warning C4018: '<': signed/unsigned mismatch
src\Play.cpp(597): warning C4018: '<': signed/unsigned mismatch
src\Play.cpp(602): warning C4018: '<': signed/unsigned mismatch
src\Play.cpp(639): warning C4244: 'argument': conversion from 'int' to 'float', possible loss of data
src\Play.cpp(651): warning C4018: '<': signed/unsigned mismatch
src\Play.cpp(660): warning C4018: '<': signed/unsigned mismatch
src\Play.cpp(669): warning C4018: '<': signed/unsigned mismatch
src\Play.cpp(710): warning C4244: 'argument': conversion from 'int' to 'float', possible loss of data
src\Play.cpp(715): warning C4244: 'argument': conversion from 'int' to 'float', possible loss of data
src\Play.cpp(782): warning C4018: '<': signed/unsigned mismatch
src\Play.cpp(791): warning C4018: '<': signed/unsigned mismatch
src\Play.cpp(800): warning C4018: '<': signed/unsigned mismatch
  Generating code
  1 of 952 functions ( 0.1%) were compiled, the rest were copied from previous compilation.
    0 functions were new in current compilation
    2 functions had inline decision re-evaluated but remain unchanged
  Finished generating code
  ConsoleApplication2.vcxproj -> C:\Users\Liam\Desktop\Defender\Release\ConsoleApplication2.exe
  ConsoleApplication2.vcxproj -> C:\Users\Liam\Desktop\Defender\Release\ConsoleApplication2.pdb (Full PDB)
